[DEBUG] CLIP Model = vitb16  Token Embed Dim: 512, Final LN Dim: 512
[DEBUG] PromptLearner proj layer = Identity | in: 512, out: 512
[DEBUG] Dummy Image Feature Shape: torch.Size([1, 512])
[DEBUG] Text Feature Output (via proj) should match: 512
BNNeck and ArcFace head registered (scale=20, margin=0.3)
Total trainable CLIP params: 149695049
[DEBUG] PromptLearner trainable params: 442368
[DEBUG] CLIP trainable params: 149695049
[Prompt] cached 890 frozen image feats
[Epoch 1] Avg Prompt Loss: 3.0139
new best prompt  3.0139
[Epoch 2] Avg Prompt Loss: 3.0393
[Epoch 3] Avg Prompt Loss: 2.5061
new best prompt  2.5061
[Epoch 4] Avg Prompt Loss: 2.3257
new best prompt  2.3257
[Epoch 5] Avg Prompt Loss: 2.2909
new best prompt  2.2909
[Epoch 6] Avg Prompt Loss: 2.2977
[Epoch 7] Avg Prompt Loss: 1.9904
new best prompt  1.9904
[Epoch 8] Avg Prompt Loss: 1.8472
new best prompt  1.8472
[Epoch 9] Avg Prompt Loss: 1.8175
new best prompt  1.8175
[Epoch 10] Avg Prompt Loss: 1.7006
new best prompt  1.7006
[Epoch 11] Avg Prompt Loss: 1.7690
[Epoch 12] Avg Prompt Loss: 1.5288
new best prompt  1.5288
[Epoch 13] Avg Prompt Loss: 1.6850
[Epoch 14] Avg Prompt Loss: 1.5862
[Epoch 15] Avg Prompt Loss: 1.7130
[Epoch 16] Avg Prompt Loss: 1.5759
[Epoch 17] Avg Prompt Loss: 1.5790
[Epoch 18] Avg Prompt Loss: 1.5318
[Epoch 19] Avg Prompt Loss: 1.4417
new best prompt  1.4417
[Epoch 20] Avg Prompt Loss: 1.4966
[Epoch 21] Avg Prompt Loss: 1.4986
[Epoch 22] Avg Prompt Loss: 1.6324
[Epoch 23] Avg Prompt Loss: 1.5466
[Epoch 24] Avg Prompt Loss: 1.6723
[Epoch 25] Avg Prompt Loss: 1.4871
[Epoch 26] Avg Prompt Loss: 1.6288
[Epoch 27] Avg Prompt Loss: 1.4693
[Epoch 28] Avg Prompt Loss: 1.5497
[Epoch 29] Avg Prompt Loss: 1.4767
[Epoch 30] Avg Prompt Loss: 1.5879
Unfroze last 2 visual transformer blocks (ViT)
[ArcFace] Confidence: 0.0785
[ArcFace] Confidence: 0.0902
[ArcFace] Confidence: 0.0878
[ArcFace] Confidence: 0.0934
[ArcFace] Confidence: 0.0821
[ArcFace] Confidence: 0.0825
[ArcFace] Confidence: 0.0849
[ArcFace] Confidence: 0.0704
[ArcFace] Confidence: 0.0916
[ArcFace] Confidence: 0.0851
[ArcFace] Confidence: 0.0801
[ArcFace] Confidence: 0.0902
[ArcFace] Confidence: 0.0899
[ArcFace] Confidence: 0.0850
[ArcFace] Confidence: 0.0787
[ArcFace] Confidence: 0.0845
[ArcFace] Confidence: 0.0861
[ArcFace] Confidence: 0.0877
[ArcFace] Confidence: 0.0889
[ArcFace] Confidence: 0.0824
[ArcFace] Confidence: 0.0892
[ArcFace] Confidence: 0.0890
[ArcFace] Confidence: 0.0775
[ArcFace] Confidence: 0.0864
[ArcFace] Confidence: 0.0836
[ArcFace] Confidence: 0.0854
[ArcFace] Confidence: 0.0854
[ArcFace] Confidence: 0.0749
[Epoch 1] Learning Rate: 0.000001
[Epoch 1] Running validation...
[Epoch 1] Loss Breakdown: ID = 4.2786, Triplet = 0.1025, Center = 479.9227, i2t = 0.7409, t2i = 0.7428
[Validation] Extracting features...
[Validation] Evaluating ranks and mAP...

[ReID Validation]
RANK1: 70.44%
RANK5: 87.85%
RANK10: 93.82%
MAP: 78.05%
 New BEST Image model saved
[ArcFace] Confidence: 0.0908
[ArcFace] Confidence: 0.0826
[ArcFace] Confidence: 0.0775
[ArcFace] Confidence: 0.0908
[ArcFace] Confidence: 0.0848
[ArcFace] Confidence: 0.0919
[ArcFace] Confidence: 0.0837
[ArcFace] Confidence: 0.0815
[ArcFace] Confidence: 0.0772
[ArcFace] Confidence: 0.0871
[ArcFace] Confidence: 0.0871
[ArcFace] Confidence: 0.0838
[ArcFace] Confidence: 0.0928
[ArcFace] Confidence: 0.0840
[ArcFace] Confidence: 0.0880
[ArcFace] Confidence: 0.0887
[ArcFace] Confidence: 0.0875
[ArcFace] Confidence: 0.0919
[ArcFace] Confidence: 0.0820
[ArcFace] Confidence: 0.0839
[ArcFace] Confidence: 0.0786
[ArcFace] Confidence: 0.0828
[ArcFace] Confidence: 0.0775
[ArcFace] Confidence: 0.0869
[ArcFace] Confidence: 0.0800
[ArcFace] Confidence: 0.0773
[ArcFace] Confidence: 0.0835
[ArcFace] Confidence: 0.0770
[Epoch 2] Learning Rate: 0.000003
[Epoch 2] Running validation...
[Epoch 2] Loss Breakdown: ID = 4.2690, Triplet = 0.0474, Center = 486.7769, i2t = 0.4927, t2i = 0.4952
[Validation] Extracting features...
[Validation] Evaluating ranks and mAP...

[ReID Validation]
RANK1: 73.43%
RANK5: 90.01%
RANK10: 95.06%
MAP: 80.72%
 New BEST Image model saved
[ArcFace] Confidence: 0.0822
[ArcFace] Confidence: 0.0940
[ArcFace] Confidence: 0.0820
[ArcFace] Confidence: 0.0883
[ArcFace] Confidence: 0.0821
[ArcFace] Confidence: 0.0882
[ArcFace] Confidence: 0.0847
[ArcFace] Confidence: 0.0916
[ArcFace] Confidence: 0.0913
[ArcFace] Confidence: 0.0850
[ArcFace] Confidence: 0.0803
[ArcFace] Confidence: 0.0760
[ArcFace] Confidence: 0.0769
[ArcFace] Confidence: 0.0868
[ArcFace] Confidence: 0.0875
[ArcFace] Confidence: 0.0778
[ArcFace] Confidence: 0.0804
[ArcFace] Confidence: 0.0687
[ArcFace] Confidence: 0.0776
[ArcFace] Confidence: 0.0776
[ArcFace] Confidence: 0.0856
[ArcFace] Confidence: 0.0723
[ArcFace] Confidence: 0.0845
[ArcFace] Confidence: 0.0862
[ArcFace] Confidence: 0.0904
[ArcFace] Confidence: 0.0912
[ArcFace] Confidence: 0.0875
[ArcFace] Confidence: 0.0836
[Epoch 3] Learning Rate: 0.000004
[Epoch 3] Running validation...
[Epoch 3] Loss Breakdown: ID = 4.2580, Triplet = 0.1531, Center = 497.0254, i2t = 2.2432, t2i = 2.2285
[Validation] Extracting features...
[Validation] Evaluating ranks and mAP...

[ReID Validation]
RANK1: 76.83%
RANK5: 92.69%
RANK10: 97.53%
MAP: 83.66%
 New BEST Image model saved
[ArcFace] Confidence: 0.0787
[ArcFace] Confidence: 0.0779
[ArcFace] Confidence: 0.0862
[ArcFace] Confidence: 0.0936
[ArcFace] Confidence: 0.0843
[ArcFace] Confidence: 0.0869
[ArcFace] Confidence: 0.0873
[ArcFace] Confidence: 0.0750
[ArcFace] Confidence: 0.0913
[ArcFace] Confidence: 0.0810
[ArcFace] Confidence: 0.0820
[ArcFace] Confidence: 0.0814
[ArcFace] Confidence: 0.0803
[ArcFace] Confidence: 0.0874
[ArcFace] Confidence: 0.0837
[ArcFace] Confidence: 0.0789
[ArcFace] Confidence: 0.0868
[ArcFace] Confidence: 0.0844
[ArcFace] Confidence: 0.0842
[ArcFace] Confidence: 0.0820
[ArcFace] Confidence: 0.0812
[ArcFace] Confidence: 0.0863
[ArcFace] Confidence: 0.0820
[ArcFace] Confidence: 0.0787
[ArcFace] Confidence: 0.0871
[ArcFace] Confidence: 0.0812
[ArcFace] Confidence: 0.0837
[ArcFace] Confidence: 0.0822
[Epoch 4] Learning Rate: 0.000004
[Epoch 4] Running validation...
[Epoch 4] Loss Breakdown: ID = 4.2501, Triplet = 0.0797, Center = 508.2427, i2t = 1.6263, t2i = 1.6094
[Validation] Extracting features...
[Validation] Evaluating ranks and mAP...

[ReID Validation]
RANK1: 79.09%
RANK5: 94.95%
RANK10: 97.53%
MAP: 85.59%
 New BEST Image model saved
[ArcFace] Confidence: 0.0948
[ArcFace] Confidence: 0.0887
[ArcFace] Confidence: 0.0728
[ArcFace] Confidence: 0.0795
[ArcFace] Confidence: 0.0849
[ArcFace] Confidence: 0.0770
[ArcFace] Confidence: 0.0889
[ArcFace] Confidence: 0.0915
[ArcFace] Confidence: 0.0882
[ArcFace] Confidence: 0.0847
[ArcFace] Confidence: 0.0792
[ArcFace] Confidence: 0.0941
[ArcFace] Confidence: 0.0843
[ArcFace] Confidence: 0.0844
[ArcFace] Confidence: 0.0844
[ArcFace] Confidence: 0.0769
[ArcFace] Confidence: 0.0858
[ArcFace] Confidence: 0.0858
[ArcFace] Confidence: 0.0849
[ArcFace] Confidence: 0.0871
[ArcFace] Confidence: 0.0855
[ArcFace] Confidence: 0.0802
[ArcFace] Confidence: 0.0837
[ArcFace] Confidence: 0.0817
[ArcFace] Confidence: 0.0811
[ArcFace] Confidence: 0.0840
[ArcFace] Confidence: 0.0891
[ArcFace] Confidence: 0.0936
[Epoch 5] Learning Rate: 0.000004
[Epoch 5] Running validation...
[Epoch 5] Loss Breakdown: ID = 4.2349, Triplet = 0.0339, Center = 497.4027, i2t = 1.1639, t2i = 1.2380
[Validation] Extracting features...
[Validation] Evaluating ranks and mAP...

[ReID Validation]
RANK1: 80.64%
RANK5: 94.95%
RANK10: 97.94%
MAP: 86.65%
 New BEST Image model saved
[ArcFace] Confidence: 0.0883
[ArcFace] Confidence: 0.0840
[ArcFace] Confidence: 0.0818
[ArcFace] Confidence: 0.0889
[ArcFace] Confidence: 0.0844
[ArcFace] Confidence: 0.0808
[ArcFace] Confidence: 0.0851
[ArcFace] Confidence: 0.0864
[ArcFace] Confidence: 0.0847
[ArcFace] Confidence: 0.0896
[ArcFace] Confidence: 0.0758
[ArcFace] Confidence: 0.0796
[ArcFace] Confidence: 0.0815
[ArcFace] Confidence: 0.0874
[ArcFace] Confidence: 0.0855
[ArcFace] Confidence: 0.0847
[ArcFace] Confidence: 0.0780
[ArcFace] Confidence: 0.0796
[ArcFace] Confidence: 0.0863
[ArcFace] Confidence: 0.0833
[ArcFace] Confidence: 0.0806
[ArcFace] Confidence: 0.0904
[ArcFace] Confidence: 0.0857
[ArcFace] Confidence: 0.0871
[ArcFace] Confidence: 0.0788
[ArcFace] Confidence: 0.0818
[ArcFace] Confidence: 0.0774
[ArcFace] Confidence: 0.0840
[Epoch 6] Learning Rate: 0.000004
[Epoch 6] Running validation...
[Epoch 6] Loss Breakdown: ID = 4.2206, Triplet = 0.0181, Center = 499.4407, i2t = 0.9980, t2i = 1.1142
[Validation] Extracting features...
[Validation] Evaluating ranks and mAP...

[ReID Validation]
RANK1: 81.26%
RANK5: 95.88%
RANK10: 98.25%
MAP: 87.31%
 New BEST Image model saved
[ArcFace] Confidence: 0.0848
[ArcFace] Confidence: 0.0898
[ArcFace] Confidence: 0.0835
[ArcFace] Confidence: 0.0835
[ArcFace] Confidence: 0.0818
[ArcFace] Confidence: 0.0842
[ArcFace] Confidence: 0.0797
[ArcFace] Confidence: 0.0796
[ArcFace] Confidence: 0.0773
[ArcFace] Confidence: 0.0833
[ArcFace] Confidence: 0.0784
[ArcFace] Confidence: 0.0887
[ArcFace] Confidence: 0.0877
[ArcFace] Confidence: 0.0844
[ArcFace] Confidence: 0.0885
[ArcFace] Confidence: 0.0812
[ArcFace] Confidence: 0.0844
[ArcFace] Confidence: 0.0815
[ArcFace] Confidence: 0.0863
[ArcFace] Confidence: 0.0851
[ArcFace] Confidence: 0.0838
[ArcFace] Confidence: 0.0842
[ArcFace] Confidence: 0.0838
[ArcFace] Confidence: 0.0820
[ArcFace] Confidence: 0.0798
[ArcFace] Confidence: 0.0783
[ArcFace] Confidence: 0.0886
[ArcFace] Confidence: 0.0786
[Epoch 7] Learning Rate: 0.000004
[Epoch 7] Running validation...
[Epoch 7] Loss Breakdown: ID = 4.2263, Triplet = 0.0282, Center = 496.6828, i2t = 0.8576, t2i = 0.7428
[Validation] Extracting features...
[Validation] Evaluating ranks and mAP...

[ReID Validation]
RANK1: 81.36%
RANK5: 96.19%
RANK10: 98.46%
MAP: 87.82%
 New BEST Image model saved
[ArcFace] Confidence: 0.0809
[ArcFace] Confidence: 0.0771
[ArcFace] Confidence: 0.0889
[ArcFace] Confidence: 0.0829
[ArcFace] Confidence: 0.0880
[ArcFace] Confidence: 0.0823
[ArcFace] Confidence: 0.0848
[ArcFace] Confidence: 0.0789
[ArcFace] Confidence: 0.0833
[ArcFace] Confidence: 0.0996
[ArcFace] Confidence: 0.0802
[ArcFace] Confidence: 0.0838
[ArcFace] Confidence: 0.0826
[ArcFace] Confidence: 0.0831
[ArcFace] Confidence: 0.0864
[ArcFace] Confidence: 0.0855
[ArcFace] Confidence: 0.0793
[ArcFace] Confidence: 0.0857
[ArcFace] Confidence: 0.0729
[ArcFace] Confidence: 0.0838
[ArcFace] Confidence: 0.0865
[ArcFace] Confidence: 0.0812
[ArcFace] Confidence: 0.0886
[ArcFace] Confidence: 0.0960
[ArcFace] Confidence: 0.0905
[ArcFace] Confidence: 0.0808
[ArcFace] Confidence: 0.0874
[ArcFace] Confidence: 0.0805
[Epoch 8] Learning Rate: 0.000004
[Epoch 8] Running validation...
[Epoch 8] Loss Breakdown: ID = 4.1996, Triplet = 0.0390, Center = 505.4388, i2t = 1.9380, t2i = 1.9808
[Validation] Extracting features...
[Validation] Evaluating ranks and mAP...

[ReID Validation]
RANK1: 81.15%
RANK5: 95.47%
RANK10: 97.73%
MAP: 87.50%
No improvement in loss. Patience counter: 1/5
[ArcFace] Confidence: 0.0765
[ArcFace] Confidence: 0.0917
[ArcFace] Confidence: 0.0755
[ArcFace] Confidence: 0.0880
[ArcFace] Confidence: 0.0859
[ArcFace] Confidence: 0.0941
[ArcFace] Confidence: 0.0934
[ArcFace] Confidence: 0.0787
[ArcFace] Confidence: 0.0853
[ArcFace] Confidence: 0.0850
[ArcFace] Confidence: 0.0873
[ArcFace] Confidence: 0.0744
[ArcFace] Confidence: 0.0783
[ArcFace] Confidence: 0.0803
[ArcFace] Confidence: 0.0905
[ArcFace] Confidence: 0.0817
[ArcFace] Confidence: 0.0817
[ArcFace] Confidence: 0.0789
[ArcFace] Confidence: 0.0836
[ArcFace] Confidence: 0.0835
[ArcFace] Confidence: 0.0800
[ArcFace] Confidence: 0.0796
[ArcFace] Confidence: 0.0879
[ArcFace] Confidence: 0.0861
[ArcFace] Confidence: 0.0817
[ArcFace] Confidence: 0.0920
[ArcFace] Confidence: 0.0800
[ArcFace] Confidence: 0.0786
[Epoch 9] Learning Rate: 0.000004
[Epoch 9] Running validation...
[Epoch 9] Loss Breakdown: ID = 4.1937, Triplet = 0.0113, Center = 495.6859, i2t = 1.4116, t2i = 1.4856
[Validation] Extracting features...
[Validation] Evaluating ranks and mAP...

[ReID Validation]
RANK1: 82.80%
RANK5: 96.70%
RANK10: 98.97%
MAP: 88.68%
 New BEST Image model saved
[ArcFace] Confidence: 0.0870
[ArcFace] Confidence: 0.0877
[ArcFace] Confidence: 0.0825
[ArcFace] Confidence: 0.0772
[ArcFace] Confidence: 0.0857
[ArcFace] Confidence: 0.0790
[ArcFace] Confidence: 0.0843
[ArcFace] Confidence: 0.0811
[ArcFace] Confidence: 0.0853
[ArcFace] Confidence: 0.0784
[ArcFace] Confidence: 0.0809
[ArcFace] Confidence: 0.0906
[ArcFace] Confidence: 0.0824
[ArcFace] Confidence: 0.0812
[ArcFace] Confidence: 0.0828
[ArcFace] Confidence: 0.0852
[ArcFace] Confidence: 0.0817
[ArcFace] Confidence: 0.0722
[ArcFace] Confidence: 0.0819
[ArcFace] Confidence: 0.0821
[ArcFace] Confidence: 0.0774
[ArcFace] Confidence: 0.0814
[ArcFace] Confidence: 0.0808
[ArcFace] Confidence: 0.0821
[ArcFace] Confidence: 0.0852
[ArcFace] Confidence: 0.0817
[ArcFace] Confidence: 0.0767
[ArcFace] Confidence: 0.0862
[Epoch 10] Learning Rate: 0.000003
[Epoch 10] Running validation...
[Epoch 10] Loss Breakdown: ID = 4.2031, Triplet = 0.0104, Center = 507.0871, i2t = 0.9485, t2i = 0.9904
[Validation] Extracting features...
[Validation] Evaluating ranks and mAP...

[ReID Validation]
RANK1: 82.90%
RANK5: 96.40%
RANK10: 98.76%
MAP: 88.74%
 New BEST Image model saved
[ArcFace] Confidence: 0.0843
[ArcFace] Confidence: 0.0821
[ArcFace] Confidence: 0.0762
[ArcFace] Confidence: 0.0779
[ArcFace] Confidence: 0.0778
[ArcFace] Confidence: 0.0862
[ArcFace] Confidence: 0.0777
[ArcFace] Confidence: 0.0825
[ArcFace] Confidence: 0.0855
[ArcFace] Confidence: 0.0825
[ArcFace] Confidence: 0.0870
[ArcFace] Confidence: 0.0850
[ArcFace] Confidence: 0.0818
[ArcFace] Confidence: 0.0903
[ArcFace] Confidence: 0.0862
[ArcFace] Confidence: 0.0895
[ArcFace] Confidence: 0.0857
[ArcFace] Confidence: 0.0815
[ArcFace] Confidence: 0.0922
[ArcFace] Confidence: 0.0806
[ArcFace] Confidence: 0.0823
[ArcFace] Confidence: 0.0815
[ArcFace] Confidence: 0.0856
[ArcFace] Confidence: 0.0846
[ArcFace] Confidence: 0.0825
[ArcFace] Confidence: 0.0932
[ArcFace] Confidence: 0.0801
[ArcFace] Confidence: 0.0838
[Epoch 11] Learning Rate: 0.000003
[Epoch 11] Running validation...
[Epoch 11] Loss Breakdown: ID = 4.1815, Triplet = 0.0098, Center = 498.8106, i2t = 1.1895, t2i = 1.2380
[Validation] Extracting features...
[Validation] Evaluating ranks and mAP...

[ReID Validation]
RANK1: 84.04%
RANK5: 96.91%
RANK10: 98.76%
MAP: 89.51%
 New BEST Image model saved
[ArcFace] Confidence: 0.0871
[ArcFace] Confidence: 0.0820
[ArcFace] Confidence: 0.0860
[ArcFace] Confidence: 0.0857
[ArcFace] Confidence: 0.0792
[ArcFace] Confidence: 0.0783
[ArcFace] Confidence: 0.0866
[ArcFace] Confidence: 0.0732
[ArcFace] Confidence: 0.0817
[ArcFace] Confidence: 0.0799
[ArcFace] Confidence: 0.0878
[ArcFace] Confidence: 0.0816
[ArcFace] Confidence: 0.0840
[ArcFace] Confidence: 0.0822
[ArcFace] Confidence: 0.0840
[ArcFace] Confidence: 0.0828
[ArcFace] Confidence: 0.0785
[ArcFace] Confidence: 0.0827
[ArcFace] Confidence: 0.0873
[ArcFace] Confidence: 0.0864
[ArcFace] Confidence: 0.0892
[ArcFace] Confidence: 0.0930
[ArcFace] Confidence: 0.0900
[ArcFace] Confidence: 0.0860
[ArcFace] Confidence: 0.0838
[ArcFace] Confidence: 0.0989
[ArcFace] Confidence: 0.0723
[ArcFace] Confidence: 0.0825
[Epoch 12] Learning Rate: 0.000003
[Epoch 12] Running validation...
[Epoch 12] Loss Breakdown: ID = 4.1978, Triplet = 0.0280, Center = 507.8589, i2t = 1.0815, t2i = 1.1142
[Validation] Extracting features...
[Validation] Evaluating ranks and mAP...

[ReID Validation]
RANK1: 84.24%
RANK5: 96.40%
RANK10: 98.56%
MAP: 89.76%
 New BEST Image model saved
[ArcFace] Confidence: 0.0765
[ArcFace] Confidence: 0.0935
[ArcFace] Confidence: 0.0812
[ArcFace] Confidence: 0.0762
[ArcFace] Confidence: 0.0788
[ArcFace] Confidence: 0.0887
[ArcFace] Confidence: 0.0799
[ArcFace] Confidence: 0.0907
[ArcFace] Confidence: 0.0895
[ArcFace] Confidence: 0.0754
[ArcFace] Confidence: 0.0913
[ArcFace] Confidence: 0.0861
[ArcFace] Confidence: 0.0841
[ArcFace] Confidence: 0.0846
[ArcFace] Confidence: 0.0815
[ArcFace] Confidence: 0.0783
[ArcFace] Confidence: 0.0871
[ArcFace] Confidence: 0.0787
[ArcFace] Confidence: 0.0939
[ArcFace] Confidence: 0.0801
[ArcFace] Confidence: 0.0785
[ArcFace] Confidence: 0.0819
[ArcFace] Confidence: 0.0807
[ArcFace] Confidence: 0.0847
[ArcFace] Confidence: 0.0767
[ArcFace] Confidence: 0.0832
[ArcFace] Confidence: 0.0817
[ArcFace] Confidence: 0.0803
[Epoch 13] Learning Rate: 0.000003
[Epoch 13] Running validation...
[Epoch 13] Loss Breakdown: ID = 4.1816, Triplet = 0.0255, Center = 489.4231, i2t = 1.3457, t2i = 1.3618
[Validation] Extracting features...
[Validation] Evaluating ranks and mAP...

[ReID Validation]
RANK1: 84.24%
RANK5: 96.50%
RANK10: 98.87%
MAP: 89.68%
No improvement in loss. Patience counter: 1/5
[ArcFace] Confidence: 0.0827
[ArcFace] Confidence: 0.0810
[ArcFace] Confidence: 0.0702
[ArcFace] Confidence: 0.0840
[ArcFace] Confidence: 0.0823
[ArcFace] Confidence: 0.0822
[ArcFace] Confidence: 0.0790
[ArcFace] Confidence: 0.0921
[ArcFace] Confidence: 0.0875
[ArcFace] Confidence: 0.0800
[ArcFace] Confidence: 0.0811
[ArcFace] Confidence: 0.0841
[ArcFace] Confidence: 0.0876
[ArcFace] Confidence: 0.0767
[ArcFace] Confidence: 0.0905
[ArcFace] Confidence: 0.0764
[ArcFace] Confidence: 0.0884
[ArcFace] Confidence: 0.0922
[ArcFace] Confidence: 0.0865
[ArcFace] Confidence: 0.0848
[ArcFace] Confidence: 0.0894
[ArcFace] Confidence: 0.0866
[ArcFace] Confidence: 0.0801
[ArcFace] Confidence: 0.0792
[ArcFace] Confidence: 0.0745
[ArcFace] Confidence: 0.0796
[ArcFace] Confidence: 0.0878
[ArcFace] Confidence: 0.0913
[Epoch 14] Learning Rate: 0.000003
[Epoch 14] Running validation...
[Epoch 14] Loss Breakdown: ID = 4.1682, Triplet = 0.0132, Center = 500.9250, i2t = 1.2812, t2i = 1.3618
[Validation] Extracting features...
[Validation] Evaluating ranks and mAP...

[ReID Validation]
RANK1: 84.96%
RANK5: 96.70%
RANK10: 98.76%
MAP: 90.14%
 New BEST Image model saved
[ArcFace] Confidence: 0.0848
[ArcFace] Confidence: 0.0807
[ArcFace] Confidence: 0.0941
[ArcFace] Confidence: 0.0789
[ArcFace] Confidence: 0.0821
[ArcFace] Confidence: 0.0822
[ArcFace] Confidence: 0.0846
[ArcFace] Confidence: 0.0826
[ArcFace] Confidence: 0.0807
[ArcFace] Confidence: 0.0783
[ArcFace] Confidence: 0.0783
[ArcFace] Confidence: 0.0874
[ArcFace] Confidence: 0.0745
[ArcFace] Confidence: 0.0771
[ArcFace] Confidence: 0.0796
[ArcFace] Confidence: 0.0772
[ArcFace] Confidence: 0.0773
[ArcFace] Confidence: 0.0890
[ArcFace] Confidence: 0.0789
[ArcFace] Confidence: 0.0813
[ArcFace] Confidence: 0.0840
[ArcFace] Confidence: 0.0870
[ArcFace] Confidence: 0.0756
[ArcFace] Confidence: 0.0751
[ArcFace] Confidence: 0.1030
[ArcFace] Confidence: 0.0911
[ArcFace] Confidence: 0.0832
[ArcFace] Confidence: 0.0893
[Epoch 15] Learning Rate: 0.000002
[Epoch 15] Running validation...
[Epoch 15] Loss Breakdown: ID = 4.1585, Triplet = 0.0181, Center = 493.0149, i2t = 1.7542, t2i = 1.7332
[Validation] Extracting features...
[Validation] Evaluating ranks and mAP...

[ReID Validation]
RANK1: 84.35%
RANK5: 96.40%
RANK10: 98.76%
MAP: 89.72%
No improvement in loss. Patience counter: 1/5
[ArcFace] Confidence: 0.0820
[ArcFace] Confidence: 0.0801
[ArcFace] Confidence: 0.0844
[ArcFace] Confidence: 0.0806
[ArcFace] Confidence: 0.0819
[ArcFace] Confidence: 0.0833
[ArcFace] Confidence: 0.0874
[ArcFace] Confidence: 0.0867
[ArcFace] Confidence: 0.0796
[ArcFace] Confidence: 0.0811
[ArcFace] Confidence: 0.0770
[ArcFace] Confidence: 0.0816
[ArcFace] Confidence: 0.0821
[ArcFace] Confidence: 0.0863
[ArcFace] Confidence: 0.0870
[ArcFace] Confidence: 0.0829
[ArcFace] Confidence: 0.0756
[ArcFace] Confidence: 0.0745
[ArcFace] Confidence: 0.0870
[ArcFace] Confidence: 0.0739
[ArcFace] Confidence: 0.0908
[ArcFace] Confidence: 0.0904
[ArcFace] Confidence: 0.0772
[ArcFace] Confidence: 0.0813
[ArcFace] Confidence: 0.0795
[ArcFace] Confidence: 0.0875
[ArcFace] Confidence: 0.0805
[ArcFace] Confidence: 0.0946
[Epoch 16] Learning Rate: 0.000002
[Epoch 16] Running validation...
[Epoch 16] Loss Breakdown: ID = 4.1605, Triplet = 0.0067, Center = 495.0862, i2t = 1.0158, t2i = 1.1142
[Validation] Extracting features...
[Validation] Evaluating ranks and mAP...

[ReID Validation]
RANK1: 83.93%
RANK5: 96.70%
RANK10: 98.87%
MAP: 89.58%
No improvement in loss. Patience counter: 2/5
[ArcFace] Confidence: 0.0803
[ArcFace] Confidence: 0.0787
[ArcFace] Confidence: 0.0756
[ArcFace] Confidence: 0.0813
[ArcFace] Confidence: 0.0740
[ArcFace] Confidence: 0.0842
[ArcFace] Confidence: 0.0785
[ArcFace] Confidence: 0.0883
[ArcFace] Confidence: 0.0836
[ArcFace] Confidence: 0.0840
[ArcFace] Confidence: 0.0800
[ArcFace] Confidence: 0.0808
[ArcFace] Confidence: 0.0727
[ArcFace] Confidence: 0.0827
[ArcFace] Confidence: 0.0857
[ArcFace] Confidence: 0.0875
[ArcFace] Confidence: 0.0870
[ArcFace] Confidence: 0.0787
[ArcFace] Confidence: 0.0964
[ArcFace] Confidence: 0.0865
[ArcFace] Confidence: 0.0871
[ArcFace] Confidence: 0.0905
[ArcFace] Confidence: 0.0765
[ArcFace] Confidence: 0.0853
[ArcFace] Confidence: 0.0882
[ArcFace] Confidence: 0.0762
[ArcFace] Confidence: 0.0781
[ArcFace] Confidence: 0.0806
[Epoch 17] Learning Rate: 0.000002
[Epoch 17] Running validation...
[Epoch 17] Loss Breakdown: ID = 4.1527, Triplet = 0.0000, Center = 495.7303, i2t = 1.2459, t2i = 1.2380
[Validation] Extracting features...
[Validation] Evaluating ranks and mAP...

[ReID Validation]
RANK1: 84.14%
RANK5: 96.91%
RANK10: 98.87%
MAP: 89.67%
No improvement in loss. Patience counter: 3/5
[ArcFace] Confidence: 0.0818
[ArcFace] Confidence: 0.0828
[ArcFace] Confidence: 0.0817
[ArcFace] Confidence: 0.0841
[ArcFace] Confidence: 0.0879
[ArcFace] Confidence: 0.0808
[ArcFace] Confidence: 0.0922
[ArcFace] Confidence: 0.0808
[ArcFace] Confidence: 0.0819
[ArcFace] Confidence: 0.0833
[ArcFace] Confidence: 0.0789
[ArcFace] Confidence: 0.0804
[ArcFace] Confidence: 0.0878
[ArcFace] Confidence: 0.0774
[ArcFace] Confidence: 0.0836
[ArcFace] Confidence: 0.0856
[ArcFace] Confidence: 0.0823
[ArcFace] Confidence: 0.0828
[ArcFace] Confidence: 0.0860
[ArcFace] Confidence: 0.0808
[ArcFace] Confidence: 0.0876
[ArcFace] Confidence: 0.0796
[ArcFace] Confidence: 0.0867
[ArcFace] Confidence: 0.0804
[ArcFace] Confidence: 0.0928
[ArcFace] Confidence: 0.0873
[ArcFace] Confidence: 0.0765
[ArcFace] Confidence: 0.0860
[Epoch 18] Learning Rate: 0.000002
[Epoch 18] Running validation...
[Epoch 18] Loss Breakdown: ID = 4.1503, Triplet = 0.0041, Center = 498.8943, i2t = 1.4432, t2i = 1.4856
[Validation] Extracting features...
[Validation] Evaluating ranks and mAP...

[ReID Validation]
RANK1: 84.04%
RANK5: 97.12%
RANK10: 98.76%
MAP: 89.77%
No improvement in loss. Patience counter: 4/5
[ArcFace] Confidence: 0.0872
[ArcFace] Confidence: 0.0872
[ArcFace] Confidence: 0.0877
[ArcFace] Confidence: 0.0816
[ArcFace] Confidence: 0.0771
[ArcFace] Confidence: 0.0798
[ArcFace] Confidence: 0.0838
[ArcFace] Confidence: 0.0820
[ArcFace] Confidence: 0.0868
[ArcFace] Confidence: 0.0937
[ArcFace] Confidence: 0.0886
[ArcFace] Confidence: 0.0883
[ArcFace] Confidence: 0.0834
[ArcFace] Confidence: 0.0786
[ArcFace] Confidence: 0.0823
[ArcFace] Confidence: 0.0863
[ArcFace] Confidence: 0.0842
[ArcFace] Confidence: 0.0801
[ArcFace] Confidence: 0.0856
[ArcFace] Confidence: 0.0910
[ArcFace] Confidence: 0.0870
[ArcFace] Confidence: 0.0835
[ArcFace] Confidence: 0.0743
[ArcFace] Confidence: 0.0882
[ArcFace] Confidence: 0.0843
[ArcFace] Confidence: 0.0783
[ArcFace] Confidence: 0.0723
[ArcFace] Confidence: 0.0922
[Epoch 19] Learning Rate: 0.000001
[Epoch 19] Running validation...
[Epoch 19] Loss Breakdown: ID = 4.1514, Triplet = 0.0000, Center = 495.1169, i2t = 0.6343, t2i = 0.7428
[Validation] Extracting features...
[Validation] Evaluating ranks and mAP...

[ReID Validation]
RANK1: 84.14%
RANK5: 96.60%
RANK10: 98.87%
MAP: 89.76%
No improvement in loss. Patience counter: 5/5
Early stopping triggered (prompt stage).
Restored BEST model for evaluation.
[Eval] Starting evaluation across all 10 splits (ReID style)
