2025-04-10 10:29:01,097 - INFO - [DEBUG] Batch 0 - image shape: torch.Size([32, 3, 224, 224]), labels: torch.Size([32])
2025-04-10 10:29:01,097 - INFO - [DEBUG] img_features: torch.Size([32, 512]), prompt: N/A, pooled: torch.Size([32, 72])
2025-04-10 10:40:52,793 - INFO - [Epoch 1] Total Loss=4.1842
2025-04-10 10:40:52,794 - INFO - [Epoch 1] Acc@1=3.71% | Acc@5=16.18% | Acc@10=29.44%
2025-04-10 10:40:52,794 - INFO - 
==================== Epoch 1 Validation ====================
2025-04-10 10:40:52,799 - INFO - Avg Validation Loss : 4.2323
2025-04-10 10:40:52,799 - INFO - Validation Top-1    : 1.39%
2025-04-10 10:40:52,799 - INFO - Validation Top-5    : 6.94%
2025-04-10 10:40:52,799 - INFO - Validation Top-10   : 13.89%
2025-04-10 10:40:52,799 - INFO - ============================================================

2025-04-10 10:40:53,747 - INFO - Saving best model at epoch 1 (Acc@1=1.39%) -> saved_models/stage1_frozen_text_vitb16_11k_dorsal_r_e30_lr0p0001_bs32_cross_entropy_BEST.pth
2025-04-10 10:41:33,271 - INFO - [DEBUG] Batch 0 - image shape: torch.Size([32, 3, 224, 224]), labels: torch.Size([32])
2025-04-10 10:41:33,272 - INFO - [DEBUG] img_features: torch.Size([32, 512]), prompt: N/A, pooled: torch.Size([32, 72])
2025-04-10 10:53:12,943 - INFO - [Epoch 2] Total Loss=4.0905
2025-04-10 10:53:12,944 - INFO - [Epoch 2] Acc@1=4.16% | Acc@5=18.65% | Acc@10=34.27%
2025-04-10 10:53:12,944 - INFO - 
==================== Epoch 2 Validation ====================
2025-04-10 10:53:12,944 - INFO - Avg Validation Loss : 4.2585
2025-04-10 10:53:12,944 - INFO - Validation Top-1    : 1.39%
2025-04-10 10:53:12,945 - INFO - Validation Top-5    : 6.94%
2025-04-10 10:53:12,945 - INFO - Validation Top-10   : 13.89%
2025-04-10 10:53:12,945 - INFO - ============================================================

2025-04-10 10:53:51,798 - INFO - [DEBUG] Batch 0 - image shape: torch.Size([32, 3, 224, 224]), labels: torch.Size([32])
2025-04-10 10:53:51,798 - INFO - [DEBUG] img_features: torch.Size([32, 512]), prompt: N/A, pooled: torch.Size([32, 72])
2025-04-10 11:05:37,557 - INFO - [Epoch 3] Total Loss=4.0890
2025-04-10 11:05:37,557 - INFO - [Epoch 3] Acc@1=3.37% | Acc@5=18.88% | Acc@10=32.36%
2025-04-10 11:05:37,557 - INFO - 
==================== Epoch 3 Validation ====================
2025-04-10 11:05:37,557 - INFO - Avg Validation Loss : 4.2836
2025-04-10 11:05:37,558 - INFO - Validation Top-1    : 1.39%
2025-04-10 11:05:37,558 - INFO - Validation Top-5    : 6.94%
2025-04-10 11:05:37,558 - INFO - Validation Top-10   : 13.89%
2025-04-10 11:05:37,558 - INFO - ============================================================

2025-04-10 11:06:16,699 - INFO - [DEBUG] Batch 0 - image shape: torch.Size([32, 3, 224, 224]), labels: torch.Size([32])
2025-04-10 11:06:16,700 - INFO - [DEBUG] img_features: torch.Size([32, 512]), prompt: N/A, pooled: torch.Size([32, 72])
2025-04-10 11:17:58,379 - INFO - [Epoch 4] Total Loss=4.0773
2025-04-10 11:17:58,379 - INFO - [Epoch 4] Acc@1=4.16% | Acc@5=18.76% | Acc@10=34.16%
2025-04-10 11:17:58,379 - INFO - 
==================== Epoch 4 Validation ====================
2025-04-10 11:17:58,380 - INFO - Avg Validation Loss : 4.2945
2025-04-10 11:17:58,380 - INFO - Validation Top-1    : 1.39%
2025-04-10 11:17:58,380 - INFO - Validation Top-5    : 6.94%
2025-04-10 11:17:58,380 - INFO - Validation Top-10   : 13.89%
2025-04-10 11:17:58,380 - INFO - ============================================================

2025-04-10 11:18:37,339 - INFO - [DEBUG] Batch 0 - image shape: torch.Size([32, 3, 224, 224]), labels: torch.Size([32])
2025-04-10 11:18:37,339 - INFO - [DEBUG] img_features: torch.Size([32, 512]), prompt: N/A, pooled: torch.Size([32, 72])
2025-04-10 11:31:26,245 - INFO - [Epoch 5] Total Loss=4.0808
2025-04-10 11:31:26,245 - INFO - [Epoch 5] Acc@1=4.16% | Acc@5=20.45% | Acc@10=33.82%
2025-04-10 11:31:26,246 - INFO - 
==================== Epoch 5 Validation ====================
2025-04-10 11:31:26,246 - INFO - Avg Validation Loss : 4.2648
2025-04-10 11:31:26,246 - INFO - Validation Top-1    : 1.39%
2025-04-10 11:31:26,246 - INFO - Validation Top-5    : 6.94%
2025-04-10 11:31:26,246 - INFO - Validation Top-10   : 13.89%
2025-04-10 11:31:26,247 - INFO - ============================================================

2025-04-10 11:32:22,476 - INFO - [DEBUG] Batch 0 - image shape: torch.Size([32, 3, 224, 224]), labels: torch.Size([32])
2025-04-10 11:32:22,477 - INFO - [DEBUG] img_features: torch.Size([32, 512]), prompt: N/A, pooled: torch.Size([32, 72])
2025-04-10 11:46:36,422 - INFO - [Epoch 6] Total Loss=4.0684
2025-04-10 11:46:36,422 - INFO - [Epoch 6] Acc@1=3.82% | Acc@5=20.90% | Acc@10=33.15%
2025-04-10 11:46:36,422 - INFO - 
==================== Epoch 6 Validation ====================
2025-04-10 11:46:36,423 - INFO - Avg Validation Loss : 4.3278
2025-04-10 11:46:36,423 - INFO - Validation Top-1    : 1.39%
2025-04-10 11:46:36,423 - INFO - Validation Top-5    : 6.94%
2025-04-10 11:46:36,423 - INFO - Validation Top-10   : 13.89%
2025-04-10 11:46:36,424 - INFO - ============================================================

2025-04-10 11:47:16,021 - INFO - [DEBUG] Batch 0 - image shape: torch.Size([32, 3, 224, 224]), labels: torch.Size([32])
2025-04-10 11:47:16,022 - INFO - [DEBUG] img_features: torch.Size([32, 512]), prompt: N/A, pooled: torch.Size([32, 72])
2025-04-10 11:58:28,709 - INFO - [Epoch 7] Total Loss=4.0698
2025-04-10 11:58:28,709 - INFO - [Epoch 7] Acc@1=3.60% | Acc@5=21.12% | Acc@10=34.49%
2025-04-10 11:58:28,709 - INFO - 
==================== Epoch 7 Validation ====================
2025-04-10 11:58:28,709 - INFO - Avg Validation Loss : 4.2886
2025-04-10 11:58:28,710 - INFO - Validation Top-1    : 1.39%
2025-04-10 11:58:28,710 - INFO - Validation Top-5    : 6.94%
2025-04-10 11:58:28,710 - INFO - Validation Top-10   : 13.89%
2025-04-10 11:58:28,710 - INFO - ============================================================

2025-04-10 11:59:07,961 - INFO - [DEBUG] Batch 0 - image shape: torch.Size([32, 3, 224, 224]), labels: torch.Size([32])
2025-04-10 11:59:07,962 - INFO - [DEBUG] img_features: torch.Size([32, 512]), prompt: N/A, pooled: torch.Size([32, 72])
2025-04-10 12:10:27,236 - INFO - [Epoch 8] Total Loss=4.0681
2025-04-10 12:10:27,237 - INFO - [Epoch 8] Acc@1=4.04% | Acc@5=20.56% | Acc@10=34.27%
2025-04-10 12:10:27,237 - INFO - 
==================== Epoch 8 Validation ====================
2025-04-10 12:10:27,237 - INFO - Avg Validation Loss : 4.2773
2025-04-10 12:10:27,237 - INFO - Validation Top-1    : 1.39%
2025-04-10 12:10:27,237 - INFO - Validation Top-5    : 6.94%
2025-04-10 12:10:27,238 - INFO - Validation Top-10   : 13.89%
2025-04-10 12:10:27,238 - INFO - ============================================================

2025-04-10 12:11:08,595 - INFO - [DEBUG] Batch 0 - image shape: torch.Size([32, 3, 224, 224]), labels: torch.Size([32])
2025-04-10 12:11:08,595 - INFO - [DEBUG] img_features: torch.Size([32, 512]), prompt: N/A, pooled: torch.Size([32, 72])
2025-04-10 12:22:33,692 - INFO - [Epoch 9] Total Loss=4.0676
2025-04-10 12:22:33,692 - INFO - [Epoch 9] Acc@1=4.04% | Acc@5=19.66% | Acc@10=33.82%
2025-04-10 12:22:33,692 - INFO - 
==================== Epoch 9 Validation ====================
2025-04-10 12:22:33,692 - INFO - Avg Validation Loss : 4.2974
2025-04-10 12:22:33,692 - INFO - Validation Top-1    : 1.39%
2025-04-10 12:22:33,692 - INFO - Validation Top-5    : 6.94%
2025-04-10 12:22:33,693 - INFO - Validation Top-10   : 13.89%
2025-04-10 12:22:33,693 - INFO - ============================================================

2025-04-10 12:23:11,873 - INFO - [DEBUG] Batch 0 - image shape: torch.Size([32, 3, 224, 224]), labels: torch.Size([32])
2025-04-10 12:23:11,873 - INFO - [DEBUG] img_features: torch.Size([32, 512]), prompt: N/A, pooled: torch.Size([32, 72])
2025-04-10 12:34:33,796 - INFO - [Epoch 10] Total Loss=4.0694
2025-04-10 12:34:33,797 - INFO - [Epoch 10] Acc@1=2.92% | Acc@5=20.56% | Acc@10=34.83%
2025-04-10 12:34:33,797 - INFO - 
==================== Epoch 10 Validation ====================
2025-04-10 12:34:33,797 - INFO - Avg Validation Loss : 4.2878
2025-04-10 12:34:33,797 - INFO - Validation Top-1    : 1.39%
2025-04-10 12:34:33,797 - INFO - Validation Top-5    : 6.94%
2025-04-10 12:34:33,797 - INFO - Validation Top-10   : 13.89%
2025-04-10 12:34:33,798 - INFO - ============================================================

2025-04-10 12:35:12,808 - INFO - [DEBUG] Batch 0 - image shape: torch.Size([32, 3, 224, 224]), labels: torch.Size([32])
2025-04-10 12:35:12,809 - INFO - [DEBUG] img_features: torch.Size([32, 512]), prompt: N/A, pooled: torch.Size([32, 72])
2025-04-10 12:46:40,995 - INFO - [Epoch 11] Total Loss=4.0649
2025-04-10 12:46:40,995 - INFO - [Epoch 11] Acc@1=4.16% | Acc@5=19.78% | Acc@10=34.16%
2025-04-10 12:46:40,995 - INFO - 
==================== Epoch 11 Validation ====================
2025-04-10 12:46:40,995 - INFO - Avg Validation Loss : 4.2977
2025-04-10 12:46:40,996 - INFO - Validation Top-1    : 1.39%
2025-04-10 12:46:40,996 - INFO - Validation Top-5    : 6.94%
2025-04-10 12:46:40,996 - INFO - Validation Top-10   : 13.89%
2025-04-10 12:46:40,996 - INFO - ============================================================

2025-04-10 12:47:22,349 - INFO - [DEBUG] Batch 0 - image shape: torch.Size([32, 3, 224, 224]), labels: torch.Size([32])
2025-04-10 12:47:22,349 - INFO - [DEBUG] img_features: torch.Size([32, 512]), prompt: N/A, pooled: torch.Size([32, 72])
2025-04-10 13:01:23,689 - INFO - [Epoch 12] Total Loss=4.0638
2025-04-10 13:01:23,690 - INFO - [Epoch 12] Acc@1=3.37% | Acc@5=20.90% | Acc@10=35.28%
2025-04-10 13:01:23,690 - INFO - 
==================== Epoch 12 Validation ====================
2025-04-10 13:01:23,690 - INFO - Avg Validation Loss : 4.2764
2025-04-10 13:01:23,690 - INFO - Validation Top-1    : 1.39%
2025-04-10 13:01:23,690 - INFO - Validation Top-5    : 6.94%
2025-04-10 13:01:23,690 - INFO - Validation Top-10   : 13.89%
2025-04-10 13:01:23,690 - INFO - ============================================================

2025-04-10 13:02:12,882 - INFO - [DEBUG] Batch 0 - image shape: torch.Size([32, 3, 224, 224]), labels: torch.Size([32])
2025-04-10 13:02:12,882 - INFO - [DEBUG] img_features: torch.Size([32, 512]), prompt: N/A, pooled: torch.Size([32, 72])
2025-04-10 13:14:47,379 - INFO - [Epoch 13] Total Loss=4.0649
2025-04-10 13:14:47,379 - INFO - [Epoch 13] Acc@1=3.71% | Acc@5=21.01% | Acc@10=34.94%
2025-04-10 13:14:47,379 - INFO - 
==================== Epoch 13 Validation ====================
2025-04-10 13:14:47,379 - INFO - Avg Validation Loss : 4.2965
2025-04-10 13:14:47,379 - INFO - Validation Top-1    : 1.39%
2025-04-10 13:14:47,380 - INFO - Validation Top-5    : 6.94%
2025-04-10 13:14:47,380 - INFO - Validation Top-10   : 13.89%
2025-04-10 13:14:47,380 - INFO - ============================================================

2025-04-10 13:15:26,751 - INFO - [DEBUG] Batch 0 - image shape: torch.Size([32, 3, 224, 224]), labels: torch.Size([32])
2025-04-10 13:15:26,751 - INFO - [DEBUG] img_features: torch.Size([32, 512]), prompt: N/A, pooled: torch.Size([32, 72])
2025-04-10 13:27:12,954 - INFO - [Epoch 14] Total Loss=4.0672
2025-04-10 13:27:12,954 - INFO - [Epoch 14] Acc@1=4.04% | Acc@5=19.44% | Acc@10=33.37%
2025-04-10 13:27:12,954 - INFO - 
==================== Epoch 14 Validation ====================
2025-04-10 13:27:12,954 - INFO - Avg Validation Loss : 4.2900
2025-04-10 13:27:12,954 - INFO - Validation Top-1    : 1.39%
2025-04-10 13:27:12,954 - INFO - Validation Top-5    : 6.94%
2025-04-10 13:27:12,955 - INFO - Validation Top-10   : 13.89%
2025-04-10 13:27:12,955 - INFO - ============================================================

2025-04-10 13:27:53,129 - INFO - [DEBUG] Batch 0 - image shape: torch.Size([32, 3, 224, 224]), labels: torch.Size([32])
2025-04-10 13:27:53,129 - INFO - [DEBUG] img_features: torch.Size([32, 512]), prompt: N/A, pooled: torch.Size([32, 72])
2025-04-10 13:39:34,792 - INFO - [Epoch 15] Total Loss=4.0652
2025-04-10 13:39:34,793 - INFO - [Epoch 15] Acc@1=4.38% | Acc@5=20.22% | Acc@10=33.60%
2025-04-10 13:39:34,793 - INFO - 
==================== Epoch 15 Validation ====================
2025-04-10 13:39:34,793 - INFO - Avg Validation Loss : 4.3029
2025-04-10 13:39:34,793 - INFO - Validation Top-1    : 1.39%
2025-04-10 13:39:34,793 - INFO - Validation Top-5    : 6.94%
2025-04-10 13:39:34,794 - INFO - Validation Top-10   : 13.89%
2025-04-10 13:39:34,794 - INFO - ============================================================

2025-04-10 13:40:15,568 - INFO - [DEBUG] Batch 0 - image shape: torch.Size([32, 3, 224, 224]), labels: torch.Size([32])
2025-04-10 13:40:15,568 - INFO - [DEBUG] img_features: torch.Size([32, 512]), prompt: N/A, pooled: torch.Size([32, 72])
2025-04-10 13:53:40,734 - INFO - [Epoch 16] Total Loss=4.0029
2025-04-10 13:53:40,734 - INFO - [Epoch 16] Acc@1=5.17% | Acc@5=21.57% | Acc@10=38.54%
2025-04-10 13:53:40,734 - INFO - 
==================== Epoch 16 Validation ====================
2025-04-10 13:53:40,734 - INFO - Avg Validation Loss : 4.1371
2025-04-10 13:53:40,734 - INFO - Validation Top-1    : 2.78%
2025-04-10 13:53:40,734 - INFO - Validation Top-5    : 13.89%
2025-04-10 13:53:40,735 - INFO - Validation Top-10   : 25.00%
2025-04-10 13:53:40,735 - INFO - ============================================================

2025-04-10 13:53:41,718 - INFO - Saving best model at epoch 16 (Acc@1=2.78%) -> saved_models/stage1_frozen_text_vitb16_11k_dorsal_r_e30_lr0p0001_bs32_cross_entropy_BEST.pth
2025-04-10 13:54:22,398 - INFO - [DEBUG] Batch 0 - image shape: torch.Size([32, 3, 224, 224]), labels: torch.Size([32])
2025-04-10 13:54:22,398 - INFO - [DEBUG] img_features: torch.Size([32, 512]), prompt: N/A, pooled: torch.Size([32, 72])
2025-04-10 14:06:08,978 - INFO - [Epoch 17] Total Loss=3.7953
2025-04-10 14:06:08,978 - INFO - [Epoch 17] Acc@1=5.96% | Acc@5=27.19% | Acc@10=45.28%
2025-04-10 14:06:08,979 - INFO - 
==================== Epoch 17 Validation ====================
2025-04-10 14:06:08,979 - INFO - Avg Validation Loss : 3.9018
2025-04-10 14:06:08,979 - INFO - Validation Top-1    : 2.78%
2025-04-10 14:06:08,979 - INFO - Validation Top-5    : 11.11%
2025-04-10 14:06:08,980 - INFO - Validation Top-10   : 30.56%
2025-04-10 14:06:08,980 - INFO - ============================================================

2025-04-10 14:06:49,221 - INFO - [DEBUG] Batch 0 - image shape: torch.Size([32, 3, 224, 224]), labels: torch.Size([32])
2025-04-10 14:06:49,221 - INFO - [DEBUG] img_features: torch.Size([32, 512]), prompt: N/A, pooled: torch.Size([32, 72])
2025-04-10 14:18:26,968 - INFO - [Epoch 18] Total Loss=3.5892
2025-04-10 14:18:26,968 - INFO - [Epoch 18] Acc@1=7.42% | Acc@5=30.56% | Acc@10=50.67%
2025-04-10 14:18:26,968 - INFO - 
==================== Epoch 18 Validation ====================
2025-04-10 14:18:26,968 - INFO - Avg Validation Loss : 3.6763
2025-04-10 14:18:26,968 - INFO - Validation Top-1    : 6.94%
2025-04-10 14:18:26,969 - INFO - Validation Top-5    : 20.83%
2025-04-10 14:18:26,969 - INFO - Validation Top-10   : 38.89%
2025-04-10 14:18:26,969 - INFO - ============================================================

2025-04-10 14:18:27,911 - INFO - Saving best model at epoch 18 (Acc@1=6.94%) -> saved_models/stage1_frozen_text_vitb16_11k_dorsal_r_e30_lr0p0001_bs32_cross_entropy_BEST.pth
2025-04-10 14:19:07,694 - INFO - [DEBUG] Batch 0 - image shape: torch.Size([32, 3, 224, 224]), labels: torch.Size([32])
2025-04-10 14:19:07,694 - INFO - [DEBUG] img_features: torch.Size([32, 512]), prompt: N/A, pooled: torch.Size([32, 72])
2025-04-10 14:31:51,402 - INFO - [Epoch 19] Total Loss=3.4476
2025-04-10 14:31:51,402 - INFO - [Epoch 19] Acc@1=11.57% | Acc@5=33.93% | Acc@10=58.76%
2025-04-10 14:31:51,402 - INFO - 
==================== Epoch 19 Validation ====================
2025-04-10 14:31:51,402 - INFO - Avg Validation Loss : 3.5491
2025-04-10 14:31:51,403 - INFO - Validation Top-1    : 5.56%
2025-04-10 14:31:51,403 - INFO - Validation Top-5    : 20.83%
2025-04-10 14:31:51,403 - INFO - Validation Top-10   : 45.83%
2025-04-10 14:31:51,403 - INFO - ============================================================

2025-04-10 14:32:45,766 - INFO - [DEBUG] Batch 0 - image shape: torch.Size([32, 3, 224, 224]), labels: torch.Size([32])
2025-04-10 14:32:45,767 - INFO - [DEBUG] img_features: torch.Size([32, 512]), prompt: N/A, pooled: torch.Size([32, 72])
2025-04-10 14:47:50,520 - INFO - [Epoch 20] Total Loss=3.1997
2025-04-10 14:47:50,520 - INFO - [Epoch 20] Acc@1=11.57% | Acc@5=44.04% | Acc@10=64.38%
2025-04-10 14:47:50,520 - INFO - 
==================== Epoch 20 Validation ====================
2025-04-10 14:47:50,521 - INFO - Avg Validation Loss : 3.3302
2025-04-10 14:47:50,521 - INFO - Validation Top-1    : 5.56%
2025-04-10 14:47:50,521 - INFO - Validation Top-5    : 30.56%
2025-04-10 14:47:50,521 - INFO - Validation Top-10   : 51.39%
2025-04-10 14:47:50,522 - INFO - ============================================================

2025-04-10 14:48:40,571 - INFO - [DEBUG] Batch 0 - image shape: torch.Size([32, 3, 224, 224]), labels: torch.Size([32])
2025-04-10 14:48:40,571 - INFO - [DEBUG] img_features: torch.Size([32, 512]), prompt: N/A, pooled: torch.Size([32, 72])
2025-04-10 15:04:37,462 - INFO - [Epoch 21] Total Loss=3.0979
2025-04-10 15:04:37,462 - INFO - [Epoch 21] Acc@1=12.13% | Acc@5=47.08% | Acc@10=67.08%
2025-04-10 15:04:37,462 - INFO - 
==================== Epoch 21 Validation ====================
2025-04-10 15:04:37,463 - INFO - Avg Validation Loss : 3.4656
2025-04-10 15:04:37,463 - INFO - Validation Top-1    : 9.72%
2025-04-10 15:04:37,463 - INFO - Validation Top-5    : 22.22%
2025-04-10 15:04:37,463 - INFO - Validation Top-10   : 38.89%
2025-04-10 15:04:37,464 - INFO - ============================================================

2025-04-10 15:04:38,677 - INFO - Saving best model at epoch 21 (Acc@1=9.72%) -> saved_models/stage1_frozen_text_vitb16_11k_dorsal_r_e30_lr0p0001_bs32_cross_entropy_BEST.pth
2025-04-10 15:05:33,186 - INFO - [DEBUG] Batch 0 - image shape: torch.Size([32, 3, 224, 224]), labels: torch.Size([32])
2025-04-10 15:05:33,186 - INFO - [DEBUG] img_features: torch.Size([32, 512]), prompt: N/A, pooled: torch.Size([32, 72])
2025-04-10 15:20:40,385 - INFO - [Epoch 22] Total Loss=3.1503
2025-04-10 15:20:40,385 - INFO - [Epoch 22] Acc@1=12.81% | Acc@5=44.27% | Acc@10=65.28%
2025-04-10 15:20:40,385 - INFO - 
==================== Epoch 22 Validation ====================
2025-04-10 15:20:40,385 - INFO - Avg Validation Loss : 3.1517
2025-04-10 15:20:40,386 - INFO - Validation Top-1    : 11.11%
2025-04-10 15:20:40,386 - INFO - Validation Top-5    : 36.11%
2025-04-10 15:20:40,386 - INFO - Validation Top-10   : 51.39%
2025-04-10 15:20:40,386 - INFO - ============================================================

2025-04-10 15:20:41,383 - INFO - Saving best model at epoch 22 (Acc@1=11.11%) -> saved_models/stage1_frozen_text_vitb16_11k_dorsal_r_e30_lr0p0001_bs32_cross_entropy_BEST.pth
2025-04-10 15:21:27,211 - INFO - [DEBUG] Batch 0 - image shape: torch.Size([32, 3, 224, 224]), labels: torch.Size([32])
2025-04-10 15:21:27,211 - INFO - [DEBUG] img_features: torch.Size([32, 512]), prompt: N/A, pooled: torch.Size([32, 72])
2025-04-10 15:34:26,711 - INFO - [Epoch 23] Total Loss=2.8425
2025-04-10 15:34:26,711 - INFO - [Epoch 23] Acc@1=16.74% | Acc@5=54.72% | Acc@10=75.28%
2025-04-10 15:34:26,711 - INFO - 
==================== Epoch 23 Validation ====================
2025-04-10 15:34:26,711 - INFO - Avg Validation Loss : 3.1276
2025-04-10 15:34:26,711 - INFO - Validation Top-1    : 6.94%
2025-04-10 15:34:26,711 - INFO - Validation Top-5    : 33.33%
2025-04-10 15:34:26,711 - INFO - Validation Top-10   : 59.72%
2025-04-10 15:34:26,711 - INFO - ============================================================

2025-04-10 15:35:06,974 - INFO - [DEBUG] Batch 0 - image shape: torch.Size([32, 3, 224, 224]), labels: torch.Size([32])
2025-04-10 15:35:06,975 - INFO - [DEBUG] img_features: torch.Size([32, 512]), prompt: N/A, pooled: torch.Size([32, 72])
2025-04-10 15:46:50,092 - INFO - [Epoch 24] Total Loss=2.8369
2025-04-10 15:46:50,092 - INFO - [Epoch 24] Acc@1=18.99% | Acc@5=54.16% | Acc@10=75.39%
2025-04-10 15:46:50,092 - INFO - 
==================== Epoch 24 Validation ====================
2025-04-10 15:46:50,092 - INFO - Avg Validation Loss : 2.9733
2025-04-10 15:46:50,092 - INFO - Validation Top-1    : 9.72%
2025-04-10 15:46:50,092 - INFO - Validation Top-5    : 34.72%
2025-04-10 15:46:50,092 - INFO - Validation Top-10   : 63.89%
2025-04-10 15:46:50,093 - INFO - ============================================================

2025-04-10 15:47:29,100 - INFO - [DEBUG] Batch 0 - image shape: torch.Size([32, 3, 224, 224]), labels: torch.Size([32])
2025-04-10 15:47:29,100 - INFO - [DEBUG] img_features: torch.Size([32, 512]), prompt: N/A, pooled: torch.Size([32, 72])
2025-04-10 15:59:00,910 - INFO - [Epoch 25] Total Loss=2.7518
2025-04-10 15:59:00,911 - INFO - [Epoch 25] Acc@1=18.31% | Acc@5=58.43% | Acc@10=79.21%
2025-04-10 15:59:00,911 - INFO - 
==================== Epoch 25 Validation ====================
2025-04-10 15:59:00,911 - INFO - Avg Validation Loss : 2.7750
2025-04-10 15:59:00,911 - INFO - Validation Top-1    : 11.11%
2025-04-10 15:59:00,911 - INFO - Validation Top-5    : 52.78%
2025-04-10 15:59:00,912 - INFO - Validation Top-10   : 68.06%
2025-04-10 15:59:00,912 - INFO - ============================================================

2025-04-10 15:59:40,600 - INFO - [DEBUG] Batch 0 - image shape: torch.Size([32, 3, 224, 224]), labels: torch.Size([32])
2025-04-10 15:59:40,601 - INFO - [DEBUG] img_features: torch.Size([32, 512]), prompt: N/A, pooled: torch.Size([32, 72])
2025-04-10 16:11:22,215 - INFO - [Epoch 26] Total Loss=2.4904
2025-04-10 16:11:22,215 - INFO - [Epoch 26] Acc@1=25.06% | Acc@5=65.84% | Acc@10=84.94%
2025-04-10 16:11:22,215 - INFO - 
==================== Epoch 26 Validation ====================
2025-04-10 16:11:22,216 - INFO - Avg Validation Loss : 2.9145
2025-04-10 16:11:22,216 - INFO - Validation Top-1    : 15.28%
2025-04-10 16:11:22,216 - INFO - Validation Top-5    : 51.39%
2025-04-10 16:11:22,216 - INFO - Validation Top-10   : 69.44%
2025-04-10 16:11:22,216 - INFO - ============================================================

2025-04-10 16:11:23,168 - INFO - Saving best model at epoch 26 (Acc@1=15.28%) -> saved_models/stage1_frozen_text_vitb16_11k_dorsal_r_e30_lr0p0001_bs32_cross_entropy_BEST.pth
2025-04-10 16:12:02,441 - INFO - [DEBUG] Batch 0 - image shape: torch.Size([32, 3, 224, 224]), labels: torch.Size([32])
2025-04-10 16:12:02,441 - INFO - [DEBUG] img_features: torch.Size([32, 512]), prompt: N/A, pooled: torch.Size([32, 72])
2025-04-10 16:23:57,825 - INFO - [Epoch 27] Total Loss=2.3527
2025-04-10 16:23:57,826 - INFO - [Epoch 27] Acc@1=27.75% | Acc@5=68.76% | Acc@10=87.19%
2025-04-10 16:23:57,826 - INFO - 
==================== Epoch 27 Validation ====================
2025-04-10 16:23:57,826 - INFO - Avg Validation Loss : 2.6399
2025-04-10 16:23:57,826 - INFO - Validation Top-1    : 16.67%
2025-04-10 16:23:57,827 - INFO - Validation Top-5    : 55.56%
2025-04-10 16:23:57,827 - INFO - Validation Top-10   : 75.00%
2025-04-10 16:23:57,827 - INFO - ============================================================

2025-04-10 16:23:58,809 - INFO - Saving best model at epoch 27 (Acc@1=16.67%) -> saved_models/stage1_frozen_text_vitb16_11k_dorsal_r_e30_lr0p0001_bs32_cross_entropy_BEST.pth
2025-04-10 16:24:43,788 - INFO - [DEBUG] Batch 0 - image shape: torch.Size([32, 3, 224, 224]), labels: torch.Size([32])
2025-04-10 16:24:43,788 - INFO - [DEBUG] img_features: torch.Size([32, 512]), prompt: N/A, pooled: torch.Size([32, 72])
2025-04-10 16:36:58,329 - INFO - [Epoch 28] Total Loss=2.5057
2025-04-10 16:36:58,330 - INFO - [Epoch 28] Acc@1=22.81% | Acc@5=64.16% | Acc@10=85.06%
2025-04-10 16:36:58,330 - INFO - 
==================== Epoch 28 Validation ====================
2025-04-10 16:36:58,330 - INFO - Avg Validation Loss : 2.6267
2025-04-10 16:36:58,330 - INFO - Validation Top-1    : 16.67%
2025-04-10 16:36:58,330 - INFO - Validation Top-5    : 51.39%
2025-04-10 16:36:58,330 - INFO - Validation Top-10   : 72.22%
2025-04-10 16:36:58,330 - INFO - ============================================================

2025-04-10 16:37:39,659 - INFO - [DEBUG] Batch 0 - image shape: torch.Size([32, 3, 224, 224]), labels: torch.Size([32])
2025-04-10 16:37:39,659 - INFO - [DEBUG] img_features: torch.Size([32, 512]), prompt: N/A, pooled: torch.Size([32, 72])
2025-04-10 16:49:11,842 - INFO - [Epoch 29] Total Loss=2.2815
2025-04-10 16:49:11,842 - INFO - [Epoch 29] Acc@1=30.00% | Acc@5=70.90% | Acc@10=88.54%
2025-04-10 16:49:11,843 - INFO - 
==================== Epoch 29 Validation ====================
2025-04-10 16:49:11,843 - INFO - Avg Validation Loss : 2.3872
2025-04-10 16:49:11,843 - INFO - Validation Top-1    : 20.83%
2025-04-10 16:49:11,843 - INFO - Validation Top-5    : 59.72%
2025-04-10 16:49:11,843 - INFO - Validation Top-10   : 80.56%
2025-04-10 16:49:11,843 - INFO - ============================================================

2025-04-10 16:49:12,858 - INFO - Saving best model at epoch 29 (Acc@1=20.83%) -> saved_models/stage1_frozen_text_vitb16_11k_dorsal_r_e30_lr0p0001_bs32_cross_entropy_BEST.pth
2025-04-10 16:49:52,171 - INFO - [DEBUG] Batch 0 - image shape: torch.Size([32, 3, 224, 224]), labels: torch.Size([32])
2025-04-10 16:49:52,171 - INFO - [DEBUG] img_features: torch.Size([32, 512]), prompt: N/A, pooled: torch.Size([32, 72])
2025-04-10 17:01:28,246 - INFO - [Epoch 30] Total Loss=2.1693
2025-04-10 17:01:28,246 - INFO - [Epoch 30] Acc@1=32.36% | Acc@5=74.49% | Acc@10=91.57%
2025-04-10 17:01:28,246 - INFO - 
==================== Epoch 30 Validation ====================
2025-04-10 17:01:28,246 - INFO - Avg Validation Loss : 2.4635
2025-04-10 17:01:28,247 - INFO - Validation Top-1    : 22.22%
2025-04-10 17:01:28,247 - INFO - Validation Top-5    : 61.11%
2025-04-10 17:01:28,247 - INFO - Validation Top-10   : 86.11%
2025-04-10 17:01:28,247 - INFO - ============================================================

2025-04-10 17:01:29,189 - INFO - Saving best model at epoch 30 (Acc@1=22.22%) -> saved_models/stage1_frozen_text_vitb16_11k_dorsal_r_e30_lr0p0001_bs32_cross_entropy_BEST.pth
2025-04-10 17:01:32,681 - INFO - Model saved to: saved_models/stage1_frozen_text_vitb16_11k_dorsal_r_e30_lr0p0001_bs32_cross_entropy_FINAL.pth
