2025-04-12 22:46:49,631 - INFO - BNNeck and ArcFace head registered.
2025-04-12 22:46:49,635 - INFO - All CLIP parameters frozen.
2025-04-12 22:52:27,418 - INFO - Cached 890 features for prompt learning.
2025-04-12 22:54:36,648 - INFO - [Epoch 1] Avg Prompt Loss: 0.2176
2025-04-12 22:54:37,305 - INFO -  New BEST Prompt model saved with loss = 0.2176
2025-04-12 22:56:43,460 - INFO - [Epoch 2] Avg Prompt Loss: 0.2176
2025-04-12 22:56:44,269 - INFO -  New BEST Prompt model saved with loss = 0.2176
2025-04-12 22:58:48,910 - INFO - [Epoch 3] Avg Prompt Loss: 0.2176
2025-04-12 23:00:56,898 - INFO - [Epoch 4] Avg Prompt Loss: 0.2176
2025-04-12 23:02:53,778 - INFO - [Epoch 5] Avg Prompt Loss: 0.2176
2025-04-12 23:04:58,226 - INFO - [Epoch 6] Avg Prompt Loss: 0.2176
2025-04-12 23:07:01,592 - INFO - [Epoch 7] Avg Prompt Loss: 0.2176
2025-04-12 23:09:11,195 - INFO - [Epoch 8] Avg Prompt Loss: 0.2176
2025-04-12 23:09:12,132 - INFO -  New BEST Prompt model saved with loss = 0.2176
2025-04-12 23:12:09,239 - INFO - [Epoch 9] Avg Prompt Loss: 0.2176
2025-04-12 23:12:10,256 - INFO -  New BEST Prompt model saved with loss = 0.2176
2025-04-12 23:14:32,318 - INFO - [Epoch 10] Avg Prompt Loss: 0.2176
2025-04-12 23:14:33,160 - INFO -  Final Prompt model saved to: saved_models/stage2_joint_vitb16_11k_dorsal_r_vitb16_11k_dorsal_r_prompt_nctx8_e9_lr00001_bs32_FINAL.pth
2025-04-12 23:14:33,211 - INFO - CLIP text encoder unfrozen (146 layers).
2025-04-12 23:23:49,521 - INFO - [Validation] Extracting features...
2025-04-12 23:30:46,316 - INFO - [Validation] Evaluating ranks and mAP...
2025-04-12 23:30:47,250 - INFO - 
[ReID Validation]
2025-04-12 23:30:47,254 - INFO - RANK1: 72.50%
2025-04-12 23:30:47,254 - INFO - RANK5: 88.77%
2025-04-12 23:30:47,254 - INFO - RANK10: 93.20%
2025-04-12 23:30:47,254 - INFO - MAP: 79.56%
2025-04-12 23:30:47,964 - INFO -  New BEST Image model saved at Rank-1 = 7250.26%
2025-04-12 23:40:01,069 - INFO - [Validation] Extracting features...
2025-04-12 23:47:13,682 - INFO - [Validation] Evaluating ranks and mAP...
2025-04-12 23:47:14,946 - INFO - 
[ReID Validation]
2025-04-12 23:47:14,946 - INFO - RANK1: 72.50%
2025-04-12 23:47:14,947 - INFO - RANK5: 88.77%
2025-04-12 23:47:14,947 - INFO - RANK10: 93.20%
2025-04-12 23:47:14,947 - INFO - MAP: 79.56%
2025-04-12 23:56:53,236 - INFO - [Validation] Extracting features...
2025-04-13 00:03:53,717 - INFO - [Validation] Evaluating ranks and mAP...
2025-04-13 00:03:54,806 - INFO - 
[ReID Validation]
2025-04-13 00:03:54,806 - INFO - RANK1: 72.50%
2025-04-13 00:03:54,806 - INFO - RANK5: 88.77%
2025-04-13 00:03:54,806 - INFO - RANK10: 93.20%
2025-04-13 00:03:54,807 - INFO - MAP: 79.56%
2025-04-13 00:13:04,657 - INFO - [Validation] Extracting features...
2025-04-13 00:19:59,586 - INFO - [Validation] Evaluating ranks and mAP...
2025-04-13 00:20:00,508 - INFO - 
[ReID Validation]
2025-04-13 00:20:00,508 - INFO - RANK1: 72.50%
2025-04-13 00:20:00,509 - INFO - RANK5: 88.77%
2025-04-13 00:20:00,509 - INFO - RANK10: 93.20%
2025-04-13 00:20:00,509 - INFO - MAP: 79.56%
2025-04-13 00:29:04,666 - INFO - [Validation] Extracting features...
2025-04-13 00:36:03,416 - INFO - [Validation] Evaluating ranks and mAP...
2025-04-13 00:36:04,560 - INFO - 
[ReID Validation]
2025-04-13 00:36:04,560 - INFO - RANK1: 72.50%
2025-04-13 00:36:04,560 - INFO - RANK5: 88.77%
2025-04-13 00:36:04,560 - INFO - RANK10: 93.20%
2025-04-13 00:36:04,560 - INFO - MAP: 79.56%
2025-04-13 00:45:06,791 - INFO - [Validation] Extracting features...
2025-04-13 00:51:57,533 - INFO - [Validation] Evaluating ranks and mAP...
2025-04-13 00:51:58,583 - INFO - 
[ReID Validation]
2025-04-13 00:51:58,584 - INFO - RANK1: 72.50%
2025-04-13 00:51:58,584 - INFO - RANK5: 88.77%
2025-04-13 00:51:58,584 - INFO - RANK10: 93.20%
2025-04-13 00:51:58,585 - INFO - MAP: 79.56%
2025-04-13 01:01:19,371 - INFO - [Validation] Extracting features...
2025-04-13 01:08:04,017 - INFO - [Validation] Evaluating ranks and mAP...
2025-04-13 01:08:05,242 - INFO - 
[ReID Validation]
2025-04-13 01:08:05,243 - INFO - RANK1: 72.50%
2025-04-13 01:08:05,243 - INFO - RANK5: 88.77%
2025-04-13 01:08:05,243 - INFO - RANK10: 93.20%
2025-04-13 01:08:05,244 - INFO - MAP: 79.56%
2025-04-13 01:17:08,198 - INFO - [Validation] Extracting features...
2025-04-13 01:24:19,393 - INFO - [Validation] Evaluating ranks and mAP...
2025-04-13 01:24:20,484 - INFO - 
[ReID Validation]
2025-04-13 01:24:20,484 - INFO - RANK1: 72.50%
2025-04-13 01:24:20,484 - INFO - RANK5: 88.77%
2025-04-13 01:24:20,485 - INFO - RANK10: 93.20%
2025-04-13 01:24:20,485 - INFO - MAP: 79.56%
2025-04-13 01:33:19,789 - INFO - [Validation] Extracting features...
2025-04-13 01:39:53,998 - INFO - [Validation] Evaluating ranks and mAP...
2025-04-13 01:39:54,950 - INFO - 
[ReID Validation]
2025-04-13 01:39:54,950 - INFO - RANK1: 72.50%
2025-04-13 01:39:54,951 - INFO - RANK5: 88.77%
2025-04-13 01:39:54,951 - INFO - RANK10: 93.20%
2025-04-13 01:39:54,951 - INFO - MAP: 79.56%
2025-04-13 01:48:18,957 - INFO - [Validation] Extracting features...
2025-04-13 01:54:41,548 - INFO - [Validation] Evaluating ranks and mAP...
2025-04-13 01:54:42,434 - INFO - 
[ReID Validation]
2025-04-13 01:54:42,434 - INFO - RANK1: 72.50%
2025-04-13 01:54:42,434 - INFO - RANK5: 88.77%
2025-04-13 01:54:42,435 - INFO - RANK10: 93.20%
2025-04-13 01:54:42,435 - INFO - MAP: 79.56%
2025-04-13 01:54:43,084 - INFO - Final Image model saved to: saved_models/stage2_joint_vitb16_11k_dorsal_r_vitb16_11k_dorsal_r_finetune_e9_lr00001_bs32_FINAL.pth
